mktextfm PingFangSC-Light
mktextfm PingFangSC-Light
mktextfm PingFangSC-Light
mktextfm PingFangSC-Light/BI
mktextfm PingFangSC-Light
mktextfm PingFangSC-Light/B
mktextfm PingFangSC-Light
mktextfm PingFangSC-Light/I
mktextfm PingFangSC-Light
mktextfm PingFangSC-Light
mktextfm PingFangSC-Light
mktextfm PingFangSC-Light/OT
mktextfm PingFangSC-Light/OT
mktextfm PingFangSC-Regular/OT
mktextfm PingFangSC-Regular/I/OT
mktextfm PingFangSC-Light/OT
mktextfm PingFangSC-Light/BI/OT
mktextfm PingFangSC-Light/OT
mktextfm PingFangSC-Light/I/OT
mktextfm PingFangSC-Light/OT
mktextfm PingFangSC-Light/OT
mktextfm PingFangSC-Regular/OT
mktextfm PingFangSC-Regular/OT
mktextfm PingFangSC-Light
mktextfm PingFangSC-Light
mktextfm PingFangSC-Light
mktextfm PingFangSC-Light
mktextfm PingFangSC-Light
mktextfm PingFangSC-Light
mktextfm PingFangSC-Light
mktextfm PingFangSC-Light
mktextfm PingFangSC-Light
mktextfm PingFangSC-Light
mktextfm PingFangSC-Light
mktextfm PingFangSC-Light
mktextfm PingFangSC-Light
mktextfm PingFangSC-Light/BI
mktextfm PingFangSC-Light
mktextfm PingFangSC-Light/B
mktextfm PingFangSC-Light
mktextfm PingFangSC-Light/I
mktextfm PingFangSC-Light
mktextfm PingFangSC-Light
mktextfm PingFangSC-Light
mktextfm PingFangSC-Light/OT
mktextfm PingFangSC-Light/OT
mktextfm PingFangSC-Regular/OT
mktextfm PingFangSC-Regular/I/OT
mktextfm PingFangSC-Light/OT
mktextfm PingFangSC-Light/BI/OT
mktextfm PingFangSC-Light/OT
mktextfm PingFangSC-Light/I/OT
mktextfm PingFangSC-Light/OT
mktextfm PingFangSC-Light/OT
mktextfm PingFangSC-Regular/OT
mktextfm PingFangSC-Regular/OT
mktextfm PingFangSC-Light
mktextfm PingFangSC-Light
mktextfm PingFangSC-Light
mktextfm PingFangSC-Light
mktextfm PingFangSC-Light
mktextfm PingFangSC-Light
mktextfm PingFangSC-Light
mktextfm PingFangSC-Light
mktextfm PingFangSC-Light
mktextfm PingFangSC-Light
mktextfm PingFangSC-Light
mktextfm PingFangSC-Light
mktextfm PingFangSC-Light
mktextfm PingFangSC-Light/BI
mktextfm PingFangSC-Light
mktextfm PingFangSC-Light/B
mktextfm PingFangSC-Light
mktextfm PingFangSC-Light/I
mktextfm PingFangSC-Light
mktextfm PingFangSC-Light
mktextfm PingFangSC-Light
mktextfm PingFangSC-Light/OT
mktextfm PingFangSC-Light/OT
mktextfm PingFangSC-Regular/OT
mktextfm PingFangSC-Regular/I/OT
mktextfm PingFangSC-Light/OT
mktextfm PingFangSC-Light/BI/OT
mktextfm PingFangSC-Light/OT
mktextfm PingFangSC-Light/I/OT
mktextfm PingFangSC-Light/OT
mktextfm PingFangSC-Light/OT
mktextfm PingFangSC-Regular/OT
mktextfm PingFangSC-Regular/OT
mktextfm PingFangSC-Light
mktextfm PingFangSC-Light
mktextfm PingFangSC-Light
mktextfm PingFangSC-Light
mktextfm PingFangSC-Light
mktextfm PingFangSC-Light
mktextfm PingFangSC-Light
mktextfm PingFangSC-Light
mktextfm PingFangSC-Light
mktextfm PingFangSC-Light
